C:\USERS\PETR\DOCUMENTS\VISUAL STUDIO 2012\PROJECTS\VANICEKPETR_I10248\VANICEKPETR_I10248\DEBUG\MAIN.OBJ
C:\USERS\PETR\DOCUMENTS\VISUAL STUDIO 2012\PROJECTS\VANICEKPETR_I10248\VANICEKPETR_I10248\DEBUG\VC110.PDB
C:\USERS\PETR\DOCUMENTS\VISUAL STUDIO 2012\PROJECTS\VANICEKPETR_I10248\VANICEKPETR_I10248\DEBUG\PAMATKA.OBJ
C:\USERS\PETR\DOCUMENTS\VISUAL STUDIO 2012\PROJECTS\VANICEKPETR_I10248\VANICEKPETR_I10248\DEBUG\SEZNAMPAMATEK.OBJ
C:\USERS\PETR\DOCUMENTS\VISUAL STUDIO 2012\PROJECTS\VANICEKPETR_I10248\VANICEKPETR_I10248\DEBUG\TEST.OBJ
C:\Users\Petr\Documents\Visual Studio 2012\Projects\VanicekPetr_i10248\VanicekPetr_i10248\Debug\main.obj
C:\Users\Petr\Documents\Visual Studio 2012\Projects\VanicekPetr_i10248\VanicekPetr_i10248\Debug\pamatka.obj
C:\Users\Petr\Documents\Visual Studio 2012\Projects\VanicekPetr_i10248\VanicekPetr_i10248\Debug\seznamPamatek.obj
C:\Users\Petr\Documents\Visual Studio 2012\Projects\VanicekPetr_i10248\VanicekPetr_i10248\Debug\test.obj
C:\Users\Petr\Documents\Visual Studio 2012\Projects\VanicekPetr_i10248\VanicekPetr_i10248\Debug\cl.command.1.tlog
C:\Users\Petr\Documents\Visual Studio 2012\Projects\VanicekPetr_i10248\VanicekPetr_i10248\Debug\CL.read.1.tlog
C:\Users\Petr\Documents\Visual Studio 2012\Projects\VanicekPetr_i10248\VanicekPetr_i10248\Debug\CL.write.1.tlog
C:\Users\Petr\Documents\Visual Studio 2012\Projects\VanicekPetr_i10248\VanicekPetr_i10248\Debug\link-cvtres.read.1.tlog
C:\Users\Petr\Documents\Visual Studio 2012\Projects\VanicekPetr_i10248\VanicekPetr_i10248\Debug\link-cvtres.write.1.tlog
C:\Users\Petr\Documents\Visual Studio 2012\Projects\VanicekPetr_i10248\VanicekPetr_i10248\Debug\link-rc.read.1.tlog
C:\Users\Petr\Documents\Visual Studio 2012\Projects\VanicekPetr_i10248\VanicekPetr_i10248\Debug\link-rc.write.1.tlog
C:\Users\Petr\Documents\Visual Studio 2012\Projects\VanicekPetr_i10248\VanicekPetr_i10248\Debug\link.2120-cvtres.read.1.tlog
C:\Users\Petr\Documents\Visual Studio 2012\Projects\VanicekPetr_i10248\VanicekPetr_i10248\Debug\link.2120-cvtres.write.1.tlog
C:\Users\Petr\Documents\Visual Studio 2012\Projects\VanicekPetr_i10248\VanicekPetr_i10248\Debug\link.2120-rc.read.1.tlog
C:\Users\Petr\Documents\Visual Studio 2012\Projects\VanicekPetr_i10248\VanicekPetr_i10248\Debug\link.2120-rc.write.1.tlog
C:\Users\Petr\Documents\Visual Studio 2012\Projects\VanicekPetr_i10248\VanicekPetr_i10248\Debug\link.2120.read.1.tlog
C:\Users\Petr\Documents\Visual Studio 2012\Projects\VanicekPetr_i10248\VanicekPetr_i10248\Debug\link.2120.write.1.tlog
C:\Users\Petr\Documents\Visual Studio 2012\Projects\VanicekPetr_i10248\VanicekPetr_i10248\Debug\link.2800-cvtres.read.1.tlog
C:\Users\Petr\Documents\Visual Studio 2012\Projects\VanicekPetr_i10248\VanicekPetr_i10248\Debug\link.2800-cvtres.write.1.tlog
C:\Users\Petr\Documents\Visual Studio 2012\Projects\VanicekPetr_i10248\VanicekPetr_i10248\Debug\link.2800-rc.read.1.tlog
C:\Users\Petr\Documents\Visual Studio 2012\Projects\VanicekPetr_i10248\VanicekPetr_i10248\Debug\link.2800-rc.write.1.tlog
C:\Users\Petr\Documents\Visual Studio 2012\Projects\VanicekPetr_i10248\VanicekPetr_i10248\Debug\link.2800.read.1.tlog
C:\Users\Petr\Documents\Visual Studio 2012\Projects\VanicekPetr_i10248\VanicekPetr_i10248\Debug\link.2800.write.1.tlog
C:\Users\Petr\Documents\Visual Studio 2012\Projects\VanicekPetr_i10248\VanicekPetr_i10248\Debug\link.2872-cvtres.read.1.tlog
C:\Users\Petr\Documents\Visual Studio 2012\Projects\VanicekPetr_i10248\VanicekPetr_i10248\Debug\link.2872-cvtres.write.1.tlog
C:\Users\Petr\Documents\Visual Studio 2012\Projects\VanicekPetr_i10248\VanicekPetr_i10248\Debug\link.2872-rc.read.1.tlog
C:\Users\Petr\Documents\Visual Studio 2012\Projects\VanicekPetr_i10248\VanicekPetr_i10248\Debug\link.2872-rc.write.1.tlog
C:\Users\Petr\Documents\Visual Studio 2012\Projects\VanicekPetr_i10248\VanicekPetr_i10248\Debug\link.2872.read.1.tlog
C:\Users\Petr\Documents\Visual Studio 2012\Projects\VanicekPetr_i10248\VanicekPetr_i10248\Debug\link.2872.write.1.tlog
C:\Users\Petr\Documents\Visual Studio 2012\Projects\VanicekPetr_i10248\VanicekPetr_i10248\Debug\link.348-cvtres.read.1.tlog
C:\Users\Petr\Documents\Visual Studio 2012\Projects\VanicekPetr_i10248\VanicekPetr_i10248\Debug\link.348-cvtres.write.1.tlog
C:\Users\Petr\Documents\Visual Studio 2012\Projects\VanicekPetr_i10248\VanicekPetr_i10248\Debug\link.348-rc.read.1.tlog
C:\Users\Petr\Documents\Visual Studio 2012\Projects\VanicekPetr_i10248\VanicekPetr_i10248\Debug\link.348-rc.write.1.tlog
C:\Users\Petr\Documents\Visual Studio 2012\Projects\VanicekPetr_i10248\VanicekPetr_i10248\Debug\link.348.read.1.tlog
C:\Users\Petr\Documents\Visual Studio 2012\Projects\VanicekPetr_i10248\VanicekPetr_i10248\Debug\link.348.write.1.tlog
C:\Users\Petr\Documents\Visual Studio 2012\Projects\VanicekPetr_i10248\VanicekPetr_i10248\Debug\link.4400-cvtres.read.1.tlog
C:\Users\Petr\Documents\Visual Studio 2012\Projects\VanicekPetr_i10248\VanicekPetr_i10248\Debug\link.4400-cvtres.write.1.tlog
C:\Users\Petr\Documents\Visual Studio 2012\Projects\VanicekPetr_i10248\VanicekPetr_i10248\Debug\link.4400-rc.read.1.tlog
C:\Users\Petr\Documents\Visual Studio 2012\Projects\VanicekPetr_i10248\VanicekPetr_i10248\Debug\link.4400-rc.write.1.tlog
C:\Users\Petr\Documents\Visual Studio 2012\Projects\VanicekPetr_i10248\VanicekPetr_i10248\Debug\link.4400.read.1.tlog
C:\Users\Petr\Documents\Visual Studio 2012\Projects\VanicekPetr_i10248\VanicekPetr_i10248\Debug\link.4400.write.1.tlog
C:\Users\Petr\Documents\Visual Studio 2012\Projects\VanicekPetr_i10248\VanicekPetr_i10248\Debug\link.4624-cvtres.read.1.tlog
C:\Users\Petr\Documents\Visual Studio 2012\Projects\VanicekPetr_i10248\VanicekPetr_i10248\Debug\link.4624-cvtres.write.1.tlog
C:\Users\Petr\Documents\Visual Studio 2012\Projects\VanicekPetr_i10248\VanicekPetr_i10248\Debug\link.4624-rc.read.1.tlog
C:\Users\Petr\Documents\Visual Studio 2012\Projects\VanicekPetr_i10248\VanicekPetr_i10248\Debug\link.4624-rc.write.1.tlog
C:\Users\Petr\Documents\Visual Studio 2012\Projects\VanicekPetr_i10248\VanicekPetr_i10248\Debug\link.4624.read.1.tlog
C:\Users\Petr\Documents\Visual Studio 2012\Projects\VanicekPetr_i10248\VanicekPetr_i10248\Debug\link.4624.write.1.tlog
C:\Users\Petr\Documents\Visual Studio 2012\Projects\VanicekPetr_i10248\VanicekPetr_i10248\Debug\link.4644-cvtres.read.1.tlog
C:\Users\Petr\Documents\Visual Studio 2012\Projects\VanicekPetr_i10248\VanicekPetr_i10248\Debug\link.4644-cvtres.write.1.tlog
C:\Users\Petr\Documents\Visual Studio 2012\Projects\VanicekPetr_i10248\VanicekPetr_i10248\Debug\link.4644-rc.read.1.tlog
C:\Users\Petr\Documents\Visual Studio 2012\Projects\VanicekPetr_i10248\VanicekPetr_i10248\Debug\link.4644-rc.write.1.tlog
C:\Users\Petr\Documents\Visual Studio 2012\Projects\VanicekPetr_i10248\VanicekPetr_i10248\Debug\link.4644.read.1.tlog
C:\Users\Petr\Documents\Visual Studio 2012\Projects\VanicekPetr_i10248\VanicekPetr_i10248\Debug\link.4644.write.1.tlog
C:\Users\Petr\Documents\Visual Studio 2012\Projects\VanicekPetr_i10248\VanicekPetr_i10248\Debug\link.52-cvtres.read.1.tlog
C:\Users\Petr\Documents\Visual Studio 2012\Projects\VanicekPetr_i10248\VanicekPetr_i10248\Debug\link.52-cvtres.write.1.tlog
C:\Users\Petr\Documents\Visual Studio 2012\Projects\VanicekPetr_i10248\VanicekPetr_i10248\Debug\link.52-rc.read.1.tlog
C:\Users\Petr\Documents\Visual Studio 2012\Projects\VanicekPetr_i10248\VanicekPetr_i10248\Debug\link.52-rc.write.1.tlog
C:\Users\Petr\Documents\Visual Studio 2012\Projects\VanicekPetr_i10248\VanicekPetr_i10248\Debug\link.52.read.1.tlog
C:\Users\Petr\Documents\Visual Studio 2012\Projects\VanicekPetr_i10248\VanicekPetr_i10248\Debug\link.52.write.1.tlog
C:\Users\Petr\Documents\Visual Studio 2012\Projects\VanicekPetr_i10248\VanicekPetr_i10248\Debug\link.5256-cvtres.read.1.tlog
C:\Users\Petr\Documents\Visual Studio 2012\Projects\VanicekPetr_i10248\VanicekPetr_i10248\Debug\link.5256-cvtres.write.1.tlog
C:\Users\Petr\Documents\Visual Studio 2012\Projects\VanicekPetr_i10248\VanicekPetr_i10248\Debug\link.5256-rc.read.1.tlog
C:\Users\Petr\Documents\Visual Studio 2012\Projects\VanicekPetr_i10248\VanicekPetr_i10248\Debug\link.5256-rc.write.1.tlog
C:\Users\Petr\Documents\Visual Studio 2012\Projects\VanicekPetr_i10248\VanicekPetr_i10248\Debug\link.5256.read.1.tlog
C:\Users\Petr\Documents\Visual Studio 2012\Projects\VanicekPetr_i10248\VanicekPetr_i10248\Debug\link.5256.write.1.tlog
C:\Users\Petr\Documents\Visual Studio 2012\Projects\VanicekPetr_i10248\VanicekPetr_i10248\Debug\link.5932-cvtres.read.1.tlog
C:\Users\Petr\Documents\Visual Studio 2012\Projects\VanicekPetr_i10248\VanicekPetr_i10248\Debug\link.5932-cvtres.write.1.tlog
C:\Users\Petr\Documents\Visual Studio 2012\Projects\VanicekPetr_i10248\VanicekPetr_i10248\Debug\link.5932-rc.read.1.tlog
C:\Users\Petr\Documents\Visual Studio 2012\Projects\VanicekPetr_i10248\VanicekPetr_i10248\Debug\link.5932-rc.write.1.tlog
C:\Users\Petr\Documents\Visual Studio 2012\Projects\VanicekPetr_i10248\VanicekPetr_i10248\Debug\link.5932.read.1.tlog
C:\Users\Petr\Documents\Visual Studio 2012\Projects\VanicekPetr_i10248\VanicekPetr_i10248\Debug\link.5932.write.1.tlog
C:\Users\Petr\Documents\Visual Studio 2012\Projects\VanicekPetr_i10248\VanicekPetr_i10248\Debug\link.6452-cvtres.read.1.tlog
C:\Users\Petr\Documents\Visual Studio 2012\Projects\VanicekPetr_i10248\VanicekPetr_i10248\Debug\link.6452-cvtres.write.1.tlog
C:\Users\Petr\Documents\Visual Studio 2012\Projects\VanicekPetr_i10248\VanicekPetr_i10248\Debug\link.6452-rc.read.1.tlog
C:\Users\Petr\Documents\Visual Studio 2012\Projects\VanicekPetr_i10248\VanicekPetr_i10248\Debug\link.6452-rc.write.1.tlog
C:\Users\Petr\Documents\Visual Studio 2012\Projects\VanicekPetr_i10248\VanicekPetr_i10248\Debug\link.6452.read.1.tlog
C:\Users\Petr\Documents\Visual Studio 2012\Projects\VanicekPetr_i10248\VanicekPetr_i10248\Debug\link.6452.write.1.tlog
C:\Users\Petr\Documents\Visual Studio 2012\Projects\VanicekPetr_i10248\VanicekPetr_i10248\Debug\link.6496-cvtres.read.1.tlog
C:\Users\Petr\Documents\Visual Studio 2012\Projects\VanicekPetr_i10248\VanicekPetr_i10248\Debug\link.6496-cvtres.write.1.tlog
C:\Users\Petr\Documents\Visual Studio 2012\Projects\VanicekPetr_i10248\VanicekPetr_i10248\Debug\link.6496-rc.read.1.tlog
C:\Users\Petr\Documents\Visual Studio 2012\Projects\VanicekPetr_i10248\VanicekPetr_i10248\Debug\link.6496-rc.write.1.tlog
C:\Users\Petr\Documents\Visual Studio 2012\Projects\VanicekPetr_i10248\VanicekPetr_i10248\Debug\link.6496.read.1.tlog
C:\Users\Petr\Documents\Visual Studio 2012\Projects\VanicekPetr_i10248\VanicekPetr_i10248\Debug\link.6496.write.1.tlog
C:\Users\Petr\Documents\Visual Studio 2012\Projects\VanicekPetr_i10248\VanicekPetr_i10248\Debug\link.6596-cvtres.read.1.tlog
C:\Users\Petr\Documents\Visual Studio 2012\Projects\VanicekPetr_i10248\VanicekPetr_i10248\Debug\link.6596-cvtres.write.1.tlog
C:\Users\Petr\Documents\Visual Studio 2012\Projects\VanicekPetr_i10248\VanicekPetr_i10248\Debug\link.6596-rc.read.1.tlog
C:\Users\Petr\Documents\Visual Studio 2012\Projects\VanicekPetr_i10248\VanicekPetr_i10248\Debug\link.6596-rc.write.1.tlog
C:\Users\Petr\Documents\Visual Studio 2012\Projects\VanicekPetr_i10248\VanicekPetr_i10248\Debug\link.6596.read.1.tlog
C:\Users\Petr\Documents\Visual Studio 2012\Projects\VanicekPetr_i10248\VanicekPetr_i10248\Debug\link.6596.write.1.tlog
C:\Users\Petr\Documents\Visual Studio 2012\Projects\VanicekPetr_i10248\VanicekPetr_i10248\Debug\link.7400-cvtres.read.1.tlog
C:\Users\Petr\Documents\Visual Studio 2012\Projects\VanicekPetr_i10248\VanicekPetr_i10248\Debug\link.7400-cvtres.write.1.tlog
C:\Users\Petr\Documents\Visual Studio 2012\Projects\VanicekPetr_i10248\VanicekPetr_i10248\Debug\link.7400-rc.read.1.tlog
C:\Users\Petr\Documents\Visual Studio 2012\Projects\VanicekPetr_i10248\VanicekPetr_i10248\Debug\link.7400-rc.write.1.tlog
C:\Users\Petr\Documents\Visual Studio 2012\Projects\VanicekPetr_i10248\VanicekPetr_i10248\Debug\link.7400.read.1.tlog
C:\Users\Petr\Documents\Visual Studio 2012\Projects\VanicekPetr_i10248\VanicekPetr_i10248\Debug\link.7400.write.1.tlog
C:\Users\Petr\Documents\Visual Studio 2012\Projects\VanicekPetr_i10248\VanicekPetr_i10248\Debug\link.8128-cvtres.read.1.tlog
C:\Users\Petr\Documents\Visual Studio 2012\Projects\VanicekPetr_i10248\VanicekPetr_i10248\Debug\link.8128-cvtres.write.1.tlog
C:\Users\Petr\Documents\Visual Studio 2012\Projects\VanicekPetr_i10248\VanicekPetr_i10248\Debug\link.8128-rc.read.1.tlog
C:\Users\Petr\Documents\Visual Studio 2012\Projects\VanicekPetr_i10248\VanicekPetr_i10248\Debug\link.8128-rc.write.1.tlog
C:\Users\Petr\Documents\Visual Studio 2012\Projects\VanicekPetr_i10248\VanicekPetr_i10248\Debug\link.8128.read.1.tlog
C:\Users\Petr\Documents\Visual Studio 2012\Projects\VanicekPetr_i10248\VanicekPetr_i10248\Debug\link.8128.write.1.tlog
C:\Users\Petr\Documents\Visual Studio 2012\Projects\VanicekPetr_i10248\VanicekPetr_i10248\Debug\link.8512-cvtres.read.1.tlog
C:\Users\Petr\Documents\Visual Studio 2012\Projects\VanicekPetr_i10248\VanicekPetr_i10248\Debug\link.8512-cvtres.write.1.tlog
C:\Users\Petr\Documents\Visual Studio 2012\Projects\VanicekPetr_i10248\VanicekPetr_i10248\Debug\link.8512-rc.read.1.tlog
C:\Users\Petr\Documents\Visual Studio 2012\Projects\VanicekPetr_i10248\VanicekPetr_i10248\Debug\link.8512-rc.write.1.tlog
C:\Users\Petr\Documents\Visual Studio 2012\Projects\VanicekPetr_i10248\VanicekPetr_i10248\Debug\link.8512.read.1.tlog
C:\Users\Petr\Documents\Visual Studio 2012\Projects\VanicekPetr_i10248\VanicekPetr_i10248\Debug\link.8512.write.1.tlog
C:\Users\Petr\Documents\Visual Studio 2012\Projects\VanicekPetr_i10248\VanicekPetr_i10248\Debug\link.8656-cvtres.read.1.tlog
C:\Users\Petr\Documents\Visual Studio 2012\Projects\VanicekPetr_i10248\VanicekPetr_i10248\Debug\link.8656-cvtres.write.1.tlog
C:\Users\Petr\Documents\Visual Studio 2012\Projects\VanicekPetr_i10248\VanicekPetr_i10248\Debug\link.8656-rc.read.1.tlog
C:\Users\Petr\Documents\Visual Studio 2012\Projects\VanicekPetr_i10248\VanicekPetr_i10248\Debug\link.8656-rc.write.1.tlog
C:\Users\Petr\Documents\Visual Studio 2012\Projects\VanicekPetr_i10248\VanicekPetr_i10248\Debug\link.8656.read.1.tlog
C:\Users\Petr\Documents\Visual Studio 2012\Projects\VanicekPetr_i10248\VanicekPetr_i10248\Debug\link.8656.write.1.tlog
C:\Users\Petr\Documents\Visual Studio 2012\Projects\VanicekPetr_i10248\VanicekPetr_i10248\Debug\link.8988-cvtres.read.1.tlog
C:\Users\Petr\Documents\Visual Studio 2012\Projects\VanicekPetr_i10248\VanicekPetr_i10248\Debug\link.8988-cvtres.write.1.tlog
C:\Users\Petr\Documents\Visual Studio 2012\Projects\VanicekPetr_i10248\VanicekPetr_i10248\Debug\link.8988-rc.read.1.tlog
C:\Users\Petr\Documents\Visual Studio 2012\Projects\VanicekPetr_i10248\VanicekPetr_i10248\Debug\link.8988-rc.write.1.tlog
C:\Users\Petr\Documents\Visual Studio 2012\Projects\VanicekPetr_i10248\VanicekPetr_i10248\Debug\link.8988.read.1.tlog
C:\Users\Petr\Documents\Visual Studio 2012\Projects\VanicekPetr_i10248\VanicekPetr_i10248\Debug\link.8988.write.1.tlog
C:\Users\Petr\Documents\Visual Studio 2012\Projects\VanicekPetr_i10248\VanicekPetr_i10248\Debug\link.9072-cvtres.read.1.tlog
C:\Users\Petr\Documents\Visual Studio 2012\Projects\VanicekPetr_i10248\VanicekPetr_i10248\Debug\link.9072-cvtres.write.1.tlog
C:\Users\Petr\Documents\Visual Studio 2012\Projects\VanicekPetr_i10248\VanicekPetr_i10248\Debug\link.9072-rc.read.1.tlog
C:\Users\Petr\Documents\Visual Studio 2012\Projects\VanicekPetr_i10248\VanicekPetr_i10248\Debug\link.9072-rc.write.1.tlog
C:\Users\Petr\Documents\Visual Studio 2012\Projects\VanicekPetr_i10248\VanicekPetr_i10248\Debug\link.9072.read.1.tlog
C:\Users\Petr\Documents\Visual Studio 2012\Projects\VanicekPetr_i10248\VanicekPetr_i10248\Debug\link.9072.write.1.tlog
C:\Users\Petr\Documents\Visual Studio 2012\Projects\VanicekPetr_i10248\VanicekPetr_i10248\Debug\link.9096-cvtres.read.1.tlog
C:\Users\Petr\Documents\Visual Studio 2012\Projects\VanicekPetr_i10248\VanicekPetr_i10248\Debug\link.9096-cvtres.write.1.tlog
C:\Users\Petr\Documents\Visual Studio 2012\Projects\VanicekPetr_i10248\VanicekPetr_i10248\Debug\link.9096-rc.read.1.tlog
C:\Users\Petr\Documents\Visual Studio 2012\Projects\VanicekPetr_i10248\VanicekPetr_i10248\Debug\link.9096-rc.write.1.tlog
C:\Users\Petr\Documents\Visual Studio 2012\Projects\VanicekPetr_i10248\VanicekPetr_i10248\Debug\link.9096.read.1.tlog
C:\Users\Petr\Documents\Visual Studio 2012\Projects\VanicekPetr_i10248\VanicekPetr_i10248\Debug\link.9096.write.1.tlog
C:\Users\Petr\Documents\Visual Studio 2012\Projects\VanicekPetr_i10248\VanicekPetr_i10248\Debug\link.command.1.tlog
C:\Users\Petr\Documents\Visual Studio 2012\Projects\VanicekPetr_i10248\VanicekPetr_i10248\Debug\link.read.1.tlog
C:\Users\Petr\Documents\Visual Studio 2012\Projects\VanicekPetr_i10248\VanicekPetr_i10248\Debug\link.write.1.tlog
C:\Users\Petr\Documents\Visual Studio 2012\Projects\VanicekPetr_i10248\VanicekPetr_i10248\Debug\vc110.idb
C:\Users\Petr\Documents\Visual Studio 2012\Projects\VanicekPetr_i10248\VanicekPetr_i10248\Debug\VanicekPetr_i10248.pdb
C:\Users\Petr\Documents\Visual Studio 2012\Projects\VanicekPetr_i10248\VanicekPetr_i10248\Debug\vc110.pdb
C:\Users\Petr\Documents\Visual Studio 2012\Projects\VanicekPetr_i10248\Debug\VanicekPetr_i10248.pdb
