Build started 4. 1. 2013 8:57:57.
     1>Project "C:\Users\Petr\Documents\Visual Studio 2012\Projects\VanicekPetr_i10248\VanicekPetr_i10248\VanicekPetr_i10248.vcxproj" on node 2 (Build target(s)).
     1>ClCompile:
         C:\Program Files (x86)\Microsoft Visual Studio 11.0\VC\bin\CL.exe /c /ZI /nologo /W3 /WX- /Od /Oy- /D WIN32 /D _DEBUG /D _CONSOLE /D _UNICODE /D UNICODE /Gm /EHsc /RTC1 /MDd /GS /fp:precise /Zc:wchar_t /Zc:forScope /Fo"Debug\\" /Fd"Debug\vc110.pdb" /Gd /TC /analyze- /errorReport:prompt main.c
         main.c
     1>c:\users\petr\documents\visual studio 2012\projects\vanicekpetr_i10248\vanicekpetr_i10248\main.c(28): warning C4996: 'scanf': This function or variable may be unsafe. Consider using scanf_s instead. To disable deprecation, use _CRT_SECURE_NO_WARNINGS. See online help for details.
                 c:\program files (x86)\microsoft visual studio 11.0\vc\include\stdio.h(290) : see declaration of 'scanf'
     1>c:\users\petr\documents\visual studio 2012\projects\vanicekpetr_i10248\vanicekpetr_i10248\main.c(38): warning C4996: 'gets': This function or variable may be unsafe. Consider using gets_s instead. To disable deprecation, use _CRT_SECURE_NO_WARNINGS. See online help for details.
                 c:\program files (x86)\microsoft visual studio 11.0\vc\include\stdio.h(261) : see declaration of 'gets'
     1>c:\users\petr\documents\visual studio 2012\projects\vanicekpetr_i10248\vanicekpetr_i10248\main.c(50): warning C4996: 'scanf': This function or variable may be unsafe. Consider using scanf_s instead. To disable deprecation, use _CRT_SECURE_NO_WARNINGS. See online help for details.
                 c:\program files (x86)\microsoft visual studio 11.0\vc\include\stdio.h(290) : see declaration of 'scanf'
     1>c:\users\petr\documents\visual studio 2012\projects\vanicekpetr_i10248\vanicekpetr_i10248\main.c(52): warning C4996: 'scanf': This function or variable may be unsafe. Consider using scanf_s instead. To disable deprecation, use _CRT_SECURE_NO_WARNINGS. See online help for details.
                 c:\program files (x86)\microsoft visual studio 11.0\vc\include\stdio.h(290) : see declaration of 'scanf'
     1>c:\users\petr\documents\visual studio 2012\projects\vanicekpetr_i10248\vanicekpetr_i10248\main.c(66): warning C4996: 'scanf': This function or variable may be unsafe. Consider using scanf_s instead. To disable deprecation, use _CRT_SECURE_NO_WARNINGS. See online help for details.
                 c:\program files (x86)\microsoft visual studio 11.0\vc\include\stdio.h(290) : see declaration of 'scanf'
     1>c:\users\petr\documents\visual studio 2012\projects\vanicekpetr_i10248\vanicekpetr_i10248\main.c(68): warning C4996: 'scanf': This function or variable may be unsafe. Consider using scanf_s instead. To disable deprecation, use _CRT_SECURE_NO_WARNINGS. See online help for details.
                 c:\program files (x86)\microsoft visual studio 11.0\vc\include\stdio.h(290) : see declaration of 'scanf'
       Link:
         C:\Program Files (x86)\Microsoft Visual Studio 11.0\VC\bin\link.exe /ERRORREPORT:PROMPT /OUT:"C:\Users\Petr\Documents\Visual Studio 2012\Projects\VanicekPetr_i10248\Debug\VanicekPetr_i10248.exe" /INCREMENTAL /NOLOGO kernel32.lib user32.lib gdi32.lib winspool.lib comdlg32.lib advapi32.lib shell32.lib ole32.lib oleaut32.lib uuid.lib odbc32.lib odbccp32.lib /MANIFEST /MANIFESTUAC:"level='asInvoker' uiAccess='false'" /manifest:embed /DEBUG /PDB:"C:\Users\Petr\Documents\Visual Studio 2012\Projects\VanicekPetr_i10248\Debug\VanicekPetr_i10248.pdb" /SUBSYSTEM:CONSOLE /TLBID:1 /DYNAMICBASE /NXCOMPAT /IMPLIB:"C:\Users\Petr\Documents\Visual Studio 2012\Projects\VanicekPetr_i10248\Debug\VanicekPetr_i10248.lib" /MACHINE:X86 Debug\main.obj
         Debug\pamatka.obj
         Debug\seznamPamatek.obj
         VanicekPetr_i10248.vcxproj -> C:\Users\Petr\Documents\Visual Studio 2012\Projects\VanicekPetr_i10248\Debug\VanicekPetr_i10248.exe
     1>Done Building Project "C:\Users\Petr\Documents\Visual Studio 2012\Projects\VanicekPetr_i10248\VanicekPetr_i10248\VanicekPetr_i10248.vcxproj" (Build target(s)).

Build succeeded.

Time Elapsed 00:00:00.49
